c:\users\bobot\desktop\2d_atc\2d_atc\release\vc143.pdb
c:\users\bobot\desktop\2d_atc\2d_atc\release\game.obj
c:\users\bobot\desktop\2d_atc\2d_atc\release\menu.obj
c:\users\bobot\desktop\2d_atc\2d_atc\release\main.obj
c:\users\bobot\desktop\2d_atc\2d_atc\release\button.obj
c:\users\bobot\desktop\2d_atc\2d_atc\release\settings.obj
c:\users\bobot\desktop\2d_atc\2d_atc\release\career.obj
c:\users\bobot\desktop\2d_atc\2d_atc\release\input.obj
c:\users\bobot\desktop\2d_atc\2d_atc\release\assetsmanager.obj
c:\users\bobot\desktop\2d_atc\2d_atc\release\map.obj
c:\users\bobot\desktop\2d_atc\2d_atc\release\airplane.obj
c:\users\bobot\desktop\2d_atc\2d_atc\release\sidemenu.obj
c:\users\bobot\desktop\2d_atc\2d_atc\release\path.obj
c:\users\bobot\desktop\2d_atc\2d_atc\release\continuegame.obj
c:\users\bobot\desktop\2d_atc\2d_atc\release\newgame.obj
c:\users\bobot\desktop\2d_atc\2d_atc\release\math.obj
c:\users\bobot\desktop\2d_atc\release\2d_atc.exe
c:\users\bobot\desktop\2d_atc\2d_atc\release\2d_atc.ipdb
c:\users\bobot\desktop\2d_atc\2d_atc\release\2d_atc.iobj
c:\users\bobot\desktop\2d_atc\release\2d_atc.pdb
c:\users\bobot\desktop\2d_atc\2d_atc\release\route.obj
c:\users\bobot\desktop\2d_atc\2d_atc\release\taskbar.obj
c:\users\bobot\desktop\2d_atc\2d_atc\release\2d_atc.tlog\cl.command.1.tlog
c:\users\bobot\desktop\2d_atc\2d_atc\release\2d_atc.tlog\cl.read.1.tlog
c:\users\bobot\desktop\2d_atc\2d_atc\release\2d_atc.tlog\cl.write.1.tlog
c:\users\bobot\desktop\2d_atc\2d_atc\release\2d_atc.tlog\link.command.1.tlog
c:\users\bobot\desktop\2d_atc\2d_atc\release\2d_atc.tlog\link.read.1.tlog
c:\users\bobot\desktop\2d_atc\2d_atc\release\2d_atc.tlog\link.write.1.tlog
