  Map.cpp
C:\Users\bobot\Desktop\2D_ATC\2D_ATC\Map.cpp(14,17): warning C4244: '=': conversion from 'T' to 'unsigned short', possible loss of data
          with
          [
              T=float
          ]
C:\Users\bobot\Desktop\2D_ATC\2D_ATC\Map.cpp(15,17): warning C4244: '=': conversion from 'T' to 'unsigned short', possible loss of data
          with
          [
              T=float
          ]
C:\Users\bobot\Desktop\2D_ATC\2D_ATC\Map.cpp(41,10): warning C4244: 'initializing': conversion from 'T' to 'short', possible loss of data
          with
          [
              T=float
          ]
C:\Users\bobot\Desktop\2D_ATC\2D_ATC\Map.cpp(41,24): warning C4244: 'initializing': conversion from 'T' to 'short', possible loss of data
          with
          [
              T=float
          ]
  Generating code
  2 of 1747 functions ( 0.1%) were compiled, the rest were copied from previous compilation.
    0 functions were new in current compilation
    2 functions had inline decision re-evaluated but remain unchanged
  Finished generating code
  2D_ATC.vcxproj -> C:\Users\bobot\Desktop\2D_ATC\Release\2D_ATC.exe
