  Airplane.cpp
C:\Users\bobot\Desktop\radar-contact\radar-contact\Airplane.h(3,10): fatal  error C1083: Cannot open include file: 'SFML/Graphics.hpp': No such file or directory
  AssetsManager.cpp
C:\Users\bobot\Desktop\radar-contact\radar-contact\AssetsManager.h(3,10): fatal  error C1083: Cannot open include file: 'SFML/Graphics.hpp': No such file or directory
  Button.cpp
C:\Users\bobot\Desktop\radar-contact\radar-contact\Button.h(3,10): fatal  error C1083: Cannot open include file: 'SFML/Graphics.hpp': No such file or directory
  ContinueGame.cpp
C:\Users\bobot\Desktop\radar-contact\radar-contact\ContinueGame.h(3,10): fatal  error C1083: Cannot open include file: 'SFML/Graphics.hpp': No such file or directory
  Game.cpp
C:\Users\bobot\Desktop\radar-contact\radar-contact\Game.h(3,10): fatal  error C1083: Cannot open include file: 'SFML/Graphics.hpp': No such file or directory
  Input.cpp
C:\Users\bobot\Desktop\radar-contact\radar-contact\Input.h(3,10): fatal  error C1083: Cannot open include file: 'SFML/Graphics.hpp': No such file or directory
  Main.cpp
C:\Users\bobot\Desktop\radar-contact\radar-contact\Game.h(3,10): fatal  error C1083: Cannot open include file: 'SFML/Graphics.hpp': No such file or directory
  Map.cpp
C:\Users\bobot\Desktop\radar-contact\radar-contact\Map.h(3,10): fatal  error C1083: Cannot open include file: 'SFML/Graphics.hpp': No such file or directory
  Math.cpp
C:\Users\bobot\Desktop\radar-contact\radar-contact\Math.h(2,10): fatal  error C1083: Cannot open include file: 'SFML/System/Vector2.hpp': No such file or directory
  Menu.cpp
C:\Users\bobot\Desktop\radar-contact\radar-contact\Menu.h(3,10): fatal  error C1083: Cannot open include file: 'SFML/Graphics.hpp': No such file or directory
  Microburst.cpp
  NewGame.cpp
C:\Users\bobot\Desktop\radar-contact\radar-contact\NewGame.h(3,10): fatal  error C1083: Cannot open include file: 'SFML/Graphics.hpp': No such file or directory
  Path.cpp
C:\Users\bobot\Desktop\radar-contact\radar-contact\Path.h(3,10): fatal  error C1083: Cannot open include file: 'SFML/Graphics.hpp': No such file or directory
